<?xml version="1.0" encoding="UTF-8"?>
<!-- Generated by org.testng.reporters.JUnitXMLReporter -->
<testsuite ignored="0" hostname="asus" failures="1" tests="1" name="Default test(failed)" time="10.716" errors="0" timestamp="2022-12-29T13:31:39 IST">
  <testcase classname="VarificationUsingTestNG.RadioButtonValidation" name="ValidateRadioButtonStatus" time="10.671">
    <failure type="java.lang.AssertionError" message="Radio 1 is not selected TC is Failed expected [true] but found [false]">
      <![CDATA[java.lang.AssertionError: Radio 1 is not selected TC is Failed expected [true] but found [false]
at VarificationUsingTestNG.RadioButtonValidation.ValidateRadioButtonStatus(RadioButtonValidation.java:32)
at java.base/java.util.ArrayList.forEach(ArrayList.java:1511)
... Removed 28 stack frames]]>
    </failure>
  </testcase> <!-- ValidateRadioButtonStatus -->
</testsuite> <!-- Default test(failed) -->
