<?xml version="1.0" encoding="UTF-8"?>
<!-- Generated by org.testng.reporters.JUnitXMLReporter -->
<testsuite ignored="0" hostname="asus" failures="0" tests="5" name="Test" time="0.058" errors="0" timestamp="2023-01-14T18:19:00 IST">
  <testcase classname="testNGxmlStudy.NeoStox1" name="a" time="0.012"/>
  <testcase classname="testNGxmlStudy.NeoStox1" name="b" time="0.001"/>
  <testcase classname="testNGxmlStudy.NeoStox1" name="c" time="0.002"/>
  <testcase classname="testNGxmlStudy.NeoStox1" name="d" time="0.001"/>
  <testcase classname="testNGxmlStudy.NeoStox1" name="e" time="0.001"/>
</testsuite> <!-- Test -->
